This is pdfTeX, Version 3.14159-1.10b (Web2C 7.4.5) (format=pdflatex 2004.4.6)  1 DEC 2004 12:27
**xtable
(./xtable.tex{/var/lib/texmf/pdftex/config/pdftex.cfg}
LaTeX2e <2001/06/01>
Babel <v3.7h> and hyphenation patterns for american, french, german, ngerman, n
ohyphenation, loaded.
(/usr/share/texmf/tex/latex/base/article.cls
Document Class: article 2001/04/21 v1.4e Standard LaTeX document class
(/usr/share/texmf/tex/latex/base/size10.clo
File: size10.clo 2001/04/21 v1.4e Standard LaTeX file (size option)
)
\c@part=\count79
\c@section=\count80
\c@subsection=\count81
\c@subsubsection=\count82
\c@paragraph=\count83
\c@subparagraph=\count84
\c@figure=\count85
\c@table=\count86
\abovecaptionskip=\skip41
\belowcaptionskip=\skip42
\bibindent=\dimen102
)
No file xtable.aux.
\openout1 = `xtable.aux'.

LaTeX Font Info:    Checking defaults for OML/cmm/m/it on input line 2.
LaTeX Font Info:    ... okay on input line 2.
LaTeX Font Info:    Checking defaults for T1/cmr/m/n on input line 2.
LaTeX Font Info:    ... okay on input line 2.
LaTeX Font Info:    Checking defaults for OT1/cmr/m/n on input line 2.
LaTeX Font Info:    ... okay on input line 2.
LaTeX Font Info:    Checking defaults for OMS/cmsy/m/n on input line 2.
LaTeX Font Info:    ... okay on input line 2.
LaTeX Font Info:    Checking defaults for OMX/cmex/m/n on input line 2.
LaTeX Font Info:    ... okay on input line 2.
LaTeX Font Info:    Checking defaults for U/cmr/m/n on input line 2.
LaTeX Font Info:    ... okay on input line 2.
LaTeX Font Info:    External font `cmex10' loaded for size
(Font)              <7> on input line 7.
LaTeX Font Info:    External font `cmex10' loaded for size
(Font)              <5> on input line 7.
[1

{/var/lib/texmf/dvips/config/pdftex.map}] [2] [3] [4]
Overfull \hbox (99.33441pt too wide) in paragraph at lines 392--407
 [] 
 []


LaTeX Warning: `h' float specifier changed to `ht'.


Overfull \hbox (99.33441pt too wide) in paragraph at lines 413--428
 [] 
 []

[5

] [6] [7] (./xtable.aux) ) 
Here is how much of TeX's memory you used:
 203 strings out of 95437
 2061 string characters out of 1190248
 69420 words of memory out of 1000001
 3288 multiletter control sequences out of 10000+50000
 3640 words of font info for 14 fonts, out of 500000 for 1000
 14 hyphenation exceptions out of 1000
 23i,8n,17p,126b,293s stack positions out of 1500i,500n,5000p,200000b,5000s
 32 PDF objects out of 300000
 0 named destinations out of 131072
 0 words of extra memory for PDF output out of 65536
{/usr/share/texmf/dvips/tetex/bbad153f.enc}</usr/shar
e/texmf/fonts/type1/bluesky/cm/cmsy10.pfb>{/usr/share/texmf/dvips/tetex/aae443f
0.enc}</usr/share/texmf/fonts/type1/bluesky/cm/cmmi10.pfb>{/usr/share/texmf/dvi
ps/tetex/f7b6d320.enc}</usr/share/texmf/fonts/type1/bluesky/cm/cmr10.pfb>
Output written on xtable.pdf (7 pages, 31707 bytes).
